
--- 2026-05-03 14:40:00.068993 ---
Unhandled Exception: TypeError: BaseService.__init__() missing 1 required positional argument: 'tenant_id'
  + Exception Group Traceback (most recent call last):
  |   File "/opt/lampp/htdocs/farm/services/api/.venv/lib/python3.10/site-packages/starlette/_utils.py", line 81, in collapse_excgroups
  |     yield
  |   File "/opt/lampp/htdocs/farm/services/api/.venv/lib/python3.10/site-packages/starlette/middleware/base.py", line 192, in __call__
  |     async with anyio.create_task_group() as task_group:
  |   File "/opt/lampp/htdocs/farm/services/api/.venv/lib/python3.10/site-packages/anyio/_backends/_asyncio.py", line 783, in __aexit__
  |     raise BaseExceptionGroup(
  | exceptiongroup.ExceptionGroup: unhandled errors in a TaskGroup (1 sub-exception)
  +-+---------------- 1 ----------------
    | Traceback (most recent call last):
    |   File "/opt/lampp/htdocs/farm/services/api/.venv/lib/python3.10/site-packages/starlette/middleware/errors.py", line 164, in __call__
    |     await self.app(scope, receive, _send)
    |   File "/opt/lampp/htdocs/farm/services/api/.venv/lib/python3.10/site-packages/starlette/middleware/cors.py", line 87, in __call__
    |     await self.app(scope, receive, send)
    |   File "/opt/lampp/htdocs/farm/services/api/.venv/lib/python3.10/site-packages/starlette/middleware/base.py", line 191, in __call__
    |     with recv_stream, send_stream, collapse_excgroups():
    |   File "/usr/lib/python3.10/contextlib.py", line 153, in __exit__
    |     self.gen.throw(typ, value, traceback)
    |   File "/opt/lampp/htdocs/farm/services/api/.venv/lib/python3.10/site-packages/starlette/_utils.py", line 87, in collapse_excgroups
    |     raise exc
    |   File "/opt/lampp/htdocs/farm/services/api/.venv/lib/python3.10/site-packages/starlette/middleware/base.py", line 193, in __call__
    |     response = await self.dispatch_func(request, call_next)
    |   File "/opt/lampp/htdocs/farm/services/api/main.py", line 143, in dispatch
    |     response = await call_next(request)
    |   File "/opt/lampp/htdocs/farm/services/api/.venv/lib/python3.10/site-packages/starlette/middleware/base.py", line 168, in call_next
    |     raise app_exc from app_exc.__cause__ or app_exc.__context__
    |   File "/opt/lampp/htdocs/farm/services/api/.venv/lib/python3.10/site-packages/starlette/middleware/base.py", line 144, in coro
    |     await self.app(scope, receive_or_disconnect, send_no_error)
    |   File "/opt/lampp/htdocs/farm/services/api/.venv/lib/python3.10/site-packages/starlette/middleware/base.py", line 191, in __call__
    |     with recv_stream, send_stream, collapse_excgroups():
    |   File "/usr/lib/python3.10/contextlib.py", line 153, in __exit__
    |     self.gen.throw(typ, value, traceback)
    |   File "/opt/lampp/htdocs/farm/services/api/.venv/lib/python3.10/site-packages/starlette/_utils.py", line 87, in collapse_excgroups
    |     raise exc
    |   File "/opt/lampp/htdocs/farm/services/api/.venv/lib/python3.10/site-packages/starlette/middleware/base.py", line 193, in __call__
    |     response = await self.dispatch_func(request, call_next)
    |   File "/opt/lampp/htdocs/farm/services/api/main.py", line 213, in dispatch
    |     return await call_next(request)
    |   File "/opt/lampp/htdocs/farm/services/api/.venv/lib/python3.10/site-packages/starlette/middleware/base.py", line 168, in call_next
    |     raise app_exc from app_exc.__cause__ or app_exc.__context__
    |   File "/opt/lampp/htdocs/farm/services/api/.venv/lib/python3.10/site-packages/starlette/middleware/base.py", line 144, in coro
    |     await self.app(scope, receive_or_disconnect, send_no_error)
    |   File "/opt/lampp/htdocs/farm/services/api/.venv/lib/python3.10/site-packages/starlette/middleware/exceptions.py", line 63, in __call__
    |     await wrap_app_handling_exceptions(self.app, conn)(scope, receive, send)
    |   File "/opt/lampp/htdocs/farm/services/api/.venv/lib/python3.10/site-packages/starlette/_exception_handler.py", line 53, in wrapped_app
    |     raise exc
    |   File "/opt/lampp/htdocs/farm/services/api/.venv/lib/python3.10/site-packages/starlette/_exception_handler.py", line 42, in wrapped_app
    |     await app(scope, receive, sender)
    |   File "/opt/lampp/htdocs/farm/services/api/.venv/lib/python3.10/site-packages/fastapi/middleware/asyncexitstack.py", line 18, in __call__
    |     await self.app(scope, receive, send)
    |   File "/opt/lampp/htdocs/farm/services/api/.venv/lib/python3.10/site-packages/starlette/routing.py", line 716, in __call__
    |     await self.middleware_stack(scope, receive, send)
    |   File "/opt/lampp/htdocs/farm/services/api/.venv/lib/python3.10/site-packages/starlette/routing.py", line 736, in app
    |     await route.handle(scope, receive, send)
    |   File "/opt/lampp/htdocs/farm/services/api/.venv/lib/python3.10/site-packages/starlette/routing.py", line 290, in handle
    |     await self.app(scope, receive, send)
    |   File "/opt/lampp/htdocs/farm/services/api/.venv/lib/python3.10/site-packages/fastapi/routing.py", line 130, in app
    |     await wrap_app_handling_exceptions(app, request)(scope, receive, send)
    |   File "/opt/lampp/htdocs/farm/services/api/.venv/lib/python3.10/site-packages/starlette/_exception_handler.py", line 53, in wrapped_app
    |     raise exc
    |   File "/opt/lampp/htdocs/farm/services/api/.venv/lib/python3.10/site-packages/starlette/_exception_handler.py", line 42, in wrapped_app
    |     await app(scope, receive, sender)
    |   File "/opt/lampp/htdocs/farm/services/api/.venv/lib/python3.10/site-packages/fastapi/routing.py", line 116, in app
    |     response = await f(request)
    |   File "/opt/lampp/htdocs/farm/services/api/.venv/lib/python3.10/site-packages/fastapi/routing.py", line 670, in app
    |     raw_response = await run_endpoint_function(
    |   File "/opt/lampp/htdocs/farm/services/api/.venv/lib/python3.10/site-packages/fastapi/routing.py", line 324, in run_endpoint_function
    |     return await dependant.call(**values)
    |   File "/opt/lampp/htdocs/farm/services/api/core/cadastros/equipamentos/router.py", line 22, in listar
    |     svc = EquipamentoService(session, tenant_id)
    | TypeError: BaseService.__init__() missing 1 required positional argument: 'tenant_id'
    +------------------------------------

The above exception was the direct cause of the following exception:

Traceback (most recent call last):
  File "/opt/lampp/htdocs/farm/services/api/.venv/lib/python3.10/site-packages/starlette/middleware/errors.py", line 164, in __call__
    await self.app(scope, receive, _send)
  File "/opt/lampp/htdocs/farm/services/api/.venv/lib/python3.10/site-packages/starlette/middleware/cors.py", line 87, in __call__
    await self.app(scope, receive, send)
  File "/opt/lampp/htdocs/farm/services/api/.venv/lib/python3.10/site-packages/starlette/middleware/base.py", line 191, in __call__
    with recv_stream, send_stream, collapse_excgroups():
  File "/usr/lib/python3.10/contextlib.py", line 153, in __exit__
    self.gen.throw(typ, value, traceback)
  File "/opt/lampp/htdocs/farm/services/api/.venv/lib/python3.10/site-packages/starlette/_utils.py", line 87, in collapse_excgroups
    raise exc
  File "/opt/lampp/htdocs/farm/services/api/.venv/lib/python3.10/site-packages/starlette/middleware/base.py", line 193, in __call__
    response = await self.dispatch_func(request, call_next)
  File "/opt/lampp/htdocs/farm/services/api/main.py", line 143, in dispatch
    response = await call_next(request)
  File "/opt/lampp/htdocs/farm/services/api/.venv/lib/python3.10/site-packages/starlette/middleware/base.py", line 168, in call_next
    raise app_exc from app_exc.__cause__ or app_exc.__context__
  File "/opt/lampp/htdocs/farm/services/api/.venv/lib/python3.10/site-packages/starlette/middleware/base.py", line 144, in coro
    await self.app(scope, receive_or_disconnect, send_no_error)
  File "/opt/lampp/htdocs/farm/services/api/.venv/lib/python3.10/site-packages/starlette/middleware/base.py", line 191, in __call__
    with recv_stream, send_stream, collapse_excgroups():
  File "/usr/lib/python3.10/contextlib.py", line 153, in __exit__
    self.gen.throw(typ, value, traceback)
  File "/opt/lampp/htdocs/farm/services/api/.venv/lib/python3.10/site-packages/starlette/_utils.py", line 87, in collapse_excgroups
    raise exc
  File "/opt/lampp/htdocs/farm/services/api/.venv/lib/python3.10/site-packages/starlette/middleware/base.py", line 193, in __call__
    response = await self.dispatch_func(request, call_next)
  File "/opt/lampp/htdocs/farm/services/api/main.py", line 213, in dispatch
    return await call_next(request)
  File "/opt/lampp/htdocs/farm/services/api/.venv/lib/python3.10/site-packages/starlette/middleware/base.py", line 168, in call_next
    raise app_exc from app_exc.__cause__ or app_exc.__context__
  File "/opt/lampp/htdocs/farm/services/api/.venv/lib/python3.10/site-packages/starlette/middleware/base.py", line 144, in coro
    await self.app(scope, receive_or_disconnect, send_no_error)
  File "/opt/lampp/htdocs/farm/services/api/.venv/lib/python3.10/site-packages/starlette/middleware/exceptions.py", line 63, in __call__
    await wrap_app_handling_exceptions(self.app, conn)(scope, receive, send)
  File "/opt/lampp/htdocs/farm/services/api/.venv/lib/python3.10/site-packages/starlette/_exception_handler.py", line 53, in wrapped_app
    raise exc
  File "/opt/lampp/htdocs/farm/services/api/.venv/lib/python3.10/site-packages/starlette/_exception_handler.py", line 42, in wrapped_app
    await app(scope, receive, sender)
  File "/opt/lampp/htdocs/farm/services/api/.venv/lib/python3.10/site-packages/fastapi/middleware/asyncexitstack.py", line 18, in __call__
    await self.app(scope, receive, send)
  File "/opt/lampp/htdocs/farm/services/api/.venv/lib/python3.10/site-packages/starlette/routing.py", line 716, in __call__
    await self.middleware_stack(scope, receive, send)
  File "/opt/lampp/htdocs/farm/services/api/.venv/lib/python3.10/site-packages/starlette/routing.py", line 736, in app
    await route.handle(scope, receive, send)
  File "/opt/lampp/htdocs/farm/services/api/.venv/lib/python3.10/site-packages/starlette/routing.py", line 290, in handle
    await self.app(scope, receive, send)
  File "/opt/lampp/htdocs/farm/services/api/.venv/lib/python3.10/site-packages/fastapi/routing.py", line 130, in app
    await wrap_app_handling_exceptions(app, request)(scope, receive, send)
  File "/opt/lampp/htdocs/farm/services/api/.venv/lib/python3.10/site-packages/starlette/_exception_handler.py", line 53, in wrapped_app
    raise exc
  File "/opt/lampp/htdocs/farm/services/api/.venv/lib/python3.10/site-packages/starlette/_exception_handler.py", line 42, in wrapped_app
    await app(scope, receive, sender)
  File "/opt/lampp/htdocs/farm/services/api/.venv/lib/python3.10/site-packages/fastapi/routing.py", line 116, in app
    response = await f(request)
  File "/opt/lampp/htdocs/farm/services/api/.venv/lib/python3.10/site-packages/fastapi/routing.py", line 670, in app
    raw_response = await run_endpoint_function(
  File "/opt/lampp/htdocs/farm/services/api/.venv/lib/python3.10/site-packages/fastapi/routing.py", line 324, in run_endpoint_function
    return await dependant.call(**values)
  File "/opt/lampp/htdocs/farm/services/api/core/cadastros/equipamentos/router.py", line 22, in listar
    svc = EquipamentoService(session, tenant_id)
TypeError: BaseService.__init__() missing 1 required positional argument: 'tenant_id'


--- 2026-05-03 14:40:01.192927 ---
Unhandled Exception: TypeError: BaseService.__init__() missing 1 required positional argument: 'tenant_id'
  + Exception Group Traceback (most recent call last):
  |   File "/opt/lampp/htdocs/farm/services/api/.venv/lib/python3.10/site-packages/starlette/_utils.py", line 81, in collapse_excgroups
  |     yield
  |   File "/opt/lampp/htdocs/farm/services/api/.venv/lib/python3.10/site-packages/starlette/middleware/base.py", line 192, in __call__
  |     async with anyio.create_task_group() as task_group:
  |   File "/opt/lampp/htdocs/farm/services/api/.venv/lib/python3.10/site-packages/anyio/_backends/_asyncio.py", line 783, in __aexit__
  |     raise BaseExceptionGroup(
  | exceptiongroup.ExceptionGroup: unhandled errors in a TaskGroup (1 sub-exception)
  +-+---------------- 1 ----------------
    | Traceback (most recent call last):
    |   File "/opt/lampp/htdocs/farm/services/api/.venv/lib/python3.10/site-packages/starlette/middleware/errors.py", line 164, in __call__
    |     await self.app(scope, receive, _send)
    |   File "/opt/lampp/htdocs/farm/services/api/.venv/lib/python3.10/site-packages/starlette/middleware/cors.py", line 87, in __call__
    |     await self.app(scope, receive, send)
    |   File "/opt/lampp/htdocs/farm/services/api/.venv/lib/python3.10/site-packages/starlette/middleware/base.py", line 191, in __call__
    |     with recv_stream, send_stream, collapse_excgroups():
    |   File "/usr/lib/python3.10/contextlib.py", line 153, in __exit__
    |     self.gen.throw(typ, value, traceback)
    |   File "/opt/lampp/htdocs/farm/services/api/.venv/lib/python3.10/site-packages/starlette/_utils.py", line 87, in collapse_excgroups
    |     raise exc
    |   File "/opt/lampp/htdocs/farm/services/api/.venv/lib/python3.10/site-packages/starlette/middleware/base.py", line 193, in __call__
    |     response = await self.dispatch_func(request, call_next)
    |   File "/opt/lampp/htdocs/farm/services/api/main.py", line 143, in dispatch
    |     response = await call_next(request)
    |   File "/opt/lampp/htdocs/farm/services/api/.venv/lib/python3.10/site-packages/starlette/middleware/base.py", line 168, in call_next
    |     raise app_exc from app_exc.__cause__ or app_exc.__context__
    |   File "/opt/lampp/htdocs/farm/services/api/.venv/lib/python3.10/site-packages/starlette/middleware/base.py", line 144, in coro
    |     await self.app(scope, receive_or_disconnect, send_no_error)
    |   File "/opt/lampp/htdocs/farm/services/api/.venv/lib/python3.10/site-packages/starlette/middleware/base.py", line 191, in __call__
    |     with recv_stream, send_stream, collapse_excgroups():
    |   File "/usr/lib/python3.10/contextlib.py", line 153, in __exit__
    |     self.gen.throw(typ, value, traceback)
    |   File "/opt/lampp/htdocs/farm/services/api/.venv/lib/python3.10/site-packages/starlette/_utils.py", line 87, in collapse_excgroups
    |     raise exc
    |   File "/opt/lampp/htdocs/farm/services/api/.venv/lib/python3.10/site-packages/starlette/middleware/base.py", line 193, in __call__
    |     response = await self.dispatch_func(request, call_next)
    |   File "/opt/lampp/htdocs/farm/services/api/main.py", line 213, in dispatch
    |     return await call_next(request)
    |   File "/opt/lampp/htdocs/farm/services/api/.venv/lib/python3.10/site-packages/starlette/middleware/base.py", line 168, in call_next
    |     raise app_exc from app_exc.__cause__ or app_exc.__context__
    |   File "/opt/lampp/htdocs/farm/services/api/.venv/lib/python3.10/site-packages/starlette/middleware/base.py", line 144, in coro
    |     await self.app(scope, receive_or_disconnect, send_no_error)
    |   File "/opt/lampp/htdocs/farm/services/api/.venv/lib/python3.10/site-packages/starlette/middleware/exceptions.py", line 63, in __call__
    |     await wrap_app_handling_exceptions(self.app, conn)(scope, receive, send)
    |   File "/opt/lampp/htdocs/farm/services/api/.venv/lib/python3.10/site-packages/starlette/_exception_handler.py", line 53, in wrapped_app
    |     raise exc
    |   File "/opt/lampp/htdocs/farm/services/api/.venv/lib/python3.10/site-packages/starlette/_exception_handler.py", line 42, in wrapped_app
    |     await app(scope, receive, sender)
    |   File "/opt/lampp/htdocs/farm/services/api/.venv/lib/python3.10/site-packages/fastapi/middleware/asyncexitstack.py", line 18, in __call__
    |     await self.app(scope, receive, send)
    |   File "/opt/lampp/htdocs/farm/services/api/.venv/lib/python3.10/site-packages/starlette/routing.py", line 716, in __call__
    |     await self.middleware_stack(scope, receive, send)
    |   File "/opt/lampp/htdocs/farm/services/api/.venv/lib/python3.10/site-packages/starlette/routing.py", line 736, in app
    |     await route.handle(scope, receive, send)
    |   File "/opt/lampp/htdocs/farm/services/api/.venv/lib/python3.10/site-packages/starlette/routing.py", line 290, in handle
    |     await self.app(scope, receive, send)
    |   File "/opt/lampp/htdocs/farm/services/api/.venv/lib/python3.10/site-packages/fastapi/routing.py", line 130, in app
    |     await wrap_app_handling_exceptions(app, request)(scope, receive, send)
    |   File "/opt/lampp/htdocs/farm/services/api/.venv/lib/python3.10/site-packages/starlette/_exception_handler.py", line 53, in wrapped_app
    |     raise exc
    |   File "/opt/lampp/htdocs/farm/services/api/.venv/lib/python3.10/site-packages/starlette/_exception_handler.py", line 42, in wrapped_app
    |     await app(scope, receive, sender)
    |   File "/opt/lampp/htdocs/farm/services/api/.venv/lib/python3.10/site-packages/fastapi/routing.py", line 116, in app
    |     response = await f(request)
    |   File "/opt/lampp/htdocs/farm/services/api/.venv/lib/python3.10/site-packages/fastapi/routing.py", line 670, in app
    |     raw_response = await run_endpoint_function(
    |   File "/opt/lampp/htdocs/farm/services/api/.venv/lib/python3.10/site-packages/fastapi/routing.py", line 324, in run_endpoint_function
    |     return await dependant.call(**values)
    |   File "/opt/lampp/htdocs/farm/services/api/core/cadastros/equipamentos/router.py", line 22, in listar
    |     svc = EquipamentoService(session, tenant_id)
    | TypeError: BaseService.__init__() missing 1 required positional argument: 'tenant_id'
    +------------------------------------

The above exception was the direct cause of the following exception:

Traceback (most recent call last):
  File "/opt/lampp/htdocs/farm/services/api/.venv/lib/python3.10/site-packages/starlette/middleware/errors.py", line 164, in __call__
    await self.app(scope, receive, _send)
  File "/opt/lampp/htdocs/farm/services/api/.venv/lib/python3.10/site-packages/starlette/middleware/cors.py", line 87, in __call__
    await self.app(scope, receive, send)
  File "/opt/lampp/htdocs/farm/services/api/.venv/lib/python3.10/site-packages/starlette/middleware/base.py", line 191, in __call__
    with recv_stream, send_stream, collapse_excgroups():
  File "/usr/lib/python3.10/contextlib.py", line 153, in __exit__
    self.gen.throw(typ, value, traceback)
  File "/opt/lampp/htdocs/farm/services/api/.venv/lib/python3.10/site-packages/starlette/_utils.py", line 87, in collapse_excgroups
    raise exc
  File "/opt/lampp/htdocs/farm/services/api/.venv/lib/python3.10/site-packages/starlette/middleware/base.py", line 193, in __call__
    response = await self.dispatch_func(request, call_next)
  File "/opt/lampp/htdocs/farm/services/api/main.py", line 143, in dispatch
    response = await call_next(request)
  File "/opt/lampp/htdocs/farm/services/api/.venv/lib/python3.10/site-packages/starlette/middleware/base.py", line 168, in call_next
    raise app_exc from app_exc.__cause__ or app_exc.__context__
  File "/opt/lampp/htdocs/farm/services/api/.venv/lib/python3.10/site-packages/starlette/middleware/base.py", line 144, in coro
    await self.app(scope, receive_or_disconnect, send_no_error)
  File "/opt/lampp/htdocs/farm/services/api/.venv/lib/python3.10/site-packages/starlette/middleware/base.py", line 191, in __call__
    with recv_stream, send_stream, collapse_excgroups():
  File "/usr/lib/python3.10/contextlib.py", line 153, in __exit__
    self.gen.throw(typ, value, traceback)
  File "/opt/lampp/htdocs/farm/services/api/.venv/lib/python3.10/site-packages/starlette/_utils.py", line 87, in collapse_excgroups
    raise exc
  File "/opt/lampp/htdocs/farm/services/api/.venv/lib/python3.10/site-packages/starlette/middleware/base.py", line 193, in __call__
    response = await self.dispatch_func(request, call_next)
  File "/opt/lampp/htdocs/farm/services/api/main.py", line 213, in dispatch
    return await call_next(request)
  File "/opt/lampp/htdocs/farm/services/api/.venv/lib/python3.10/site-packages/starlette/middleware/base.py", line 168, in call_next
    raise app_exc from app_exc.__cause__ or app_exc.__context__
  File "/opt/lampp/htdocs/farm/services/api/.venv/lib/python3.10/site-packages/starlette/middleware/base.py", line 144, in coro
    await self.app(scope, receive_or_disconnect, send_no_error)
  File "/opt/lampp/htdocs/farm/services/api/.venv/lib/python3.10/site-packages/starlette/middleware/exceptions.py", line 63, in __call__
    await wrap_app_handling_exceptions(self.app, conn)(scope, receive, send)
  File "/opt/lampp/htdocs/farm/services/api/.venv/lib/python3.10/site-packages/starlette/_exception_handler.py", line 53, in wrapped_app
    raise exc
  File "/opt/lampp/htdocs/farm/services/api/.venv/lib/python3.10/site-packages/starlette/_exception_handler.py", line 42, in wrapped_app
    await app(scope, receive, sender)
  File "/opt/lampp/htdocs/farm/services/api/.venv/lib/python3.10/site-packages/fastapi/middleware/asyncexitstack.py", line 18, in __call__
    await self.app(scope, receive, send)
  File "/opt/lampp/htdocs/farm/services/api/.venv/lib/python3.10/site-packages/starlette/routing.py", line 716, in __call__
    await self.middleware_stack(scope, receive, send)
  File "/opt/lampp/htdocs/farm/services/api/.venv/lib/python3.10/site-packages/starlette/routing.py", line 736, in app
    await route.handle(scope, receive, send)
  File "/opt/lampp/htdocs/farm/services/api/.venv/lib/python3.10/site-packages/starlette/routing.py", line 290, in handle
    await self.app(scope, receive, send)
  File "/opt/lampp/htdocs/farm/services/api/.venv/lib/python3.10/site-packages/fastapi/routing.py", line 130, in app
    await wrap_app_handling_exceptions(app, request)(scope, receive, send)
  File "/opt/lampp/htdocs/farm/services/api/.venv/lib/python3.10/site-packages/starlette/_exception_handler.py", line 53, in wrapped_app
    raise exc
  File "/opt/lampp/htdocs/farm/services/api/.venv/lib/python3.10/site-packages/starlette/_exception_handler.py", line 42, in wrapped_app
    await app(scope, receive, sender)
  File "/opt/lampp/htdocs/farm/services/api/.venv/lib/python3.10/site-packages/fastapi/routing.py", line 116, in app
    response = await f(request)
  File "/opt/lampp/htdocs/farm/services/api/.venv/lib/python3.10/site-packages/fastapi/routing.py", line 670, in app
    raw_response = await run_endpoint_function(
  File "/opt/lampp/htdocs/farm/services/api/.venv/lib/python3.10/site-packages/fastapi/routing.py", line 324, in run_endpoint_function
    return await dependant.call(**values)
  File "/opt/lampp/htdocs/farm/services/api/core/cadastros/equipamentos/router.py", line 22, in listar
    svc = EquipamentoService(session, tenant_id)
TypeError: BaseService.__init__() missing 1 required positional argument: 'tenant_id'


--- 2026-05-03 14:40:53.841827 ---
Unhandled Exception: ResponseValidationError: 11 validation errors:
  {'type': 'literal_error', 'loc': ('response', 2, 'status'), 'msg': "Input should be 'ATIVO', 'MANUTENCAO' or 'INATIVO'", 'input': 'EM_MANUTENCAO', 'ctx': {'expected': "'ATIVO', 'MANUTENCAO' or 'INATIVO'"}}
  {'type': 'literal_error', 'loc': ('response', 4, 'tipo'), 'msg': "Input should be 'TRATOR', 'COLHEITADEIRA', 'VEICULO_LEVE', 'VEICULO_PESADO', 'IMPLEMENTO', 'PULVERIZADOR' or 'OUTROS'", 'input': 'COLHEDORA', 'ctx': {'expected': "'TRATOR', 'COLHEITADEIRA', 'VEICULO_LEVE', 'VEICULO_PESADO', 'IMPLEMENTO', 'PULVERIZADOR' or 'OUTROS'"}}
  {'type': 'literal_error', 'loc': ('response', 5, 'tipo'), 'msg': "Input should be 'TRATOR', 'COLHEITADEIRA', 'VEICULO_LEVE', 'VEICULO_PESADO', 'IMPLEMENTO', 'PULVERIZADOR' or 'OUTROS'", 'input': 'COLHEDORA', 'ctx': {'expected': "'TRATOR', 'COLHEITADEIRA', 'VEICULO_LEVE', 'VEICULO_PESADO', 'IMPLEMENTO', 'PULVERIZADOR' or 'OUTROS'"}}
  {'type': 'literal_error', 'loc': ('response', 11, 'tipo'), 'msg': "Input should be 'TRATOR', 'COLHEITADEIRA', 'VEICULO_LEVE', 'VEICULO_PESADO', 'IMPLEMENTO', 'PULVERIZADOR' or 'OUTROS'", 'input': 'VEICULO', 'ctx': {'expected': "'TRATOR', 'COLHEITADEIRA', 'VEICULO_LEVE', 'VEICULO_PESADO', 'IMPLEMENTO', 'PULVERIZADOR' or 'OUTROS'"}}
  {'type': 'literal_error', 'loc': ('response', 12, 'tipo'), 'msg': "Input should be 'TRATOR', 'COLHEITADEIRA', 'VEICULO_LEVE', 'VEICULO_PESADO', 'IMPLEMENTO', 'PULVERIZADOR' or 'OUTROS'", 'input': 'VEICULO', 'ctx': {'expected': "'TRATOR', 'COLHEITADEIRA', 'VEICULO_LEVE', 'VEICULO_PESADO', 'IMPLEMENTO', 'PULVERIZADOR' or 'OUTROS'"}}
  {'type': 'literal_error', 'loc': ('response', 13, 'tipo'), 'msg': "Input should be 'TRATOR', 'COLHEITADEIRA', 'VEICULO_LEVE', 'VEICULO_PESADO', 'IMPLEMENTO', 'PULVERIZADOR' or 'OUTROS'", 'input': 'VEICULO', 'ctx': {'expected': "'TRATOR', 'COLHEITADEIRA', 'VEICULO_LEVE', 'VEICULO_PESADO', 'IMPLEMENTO', 'PULVERIZADOR' or 'OUTROS'"}}
  {'type': 'literal_error', 'loc': ('response', 14, 'tipo'), 'msg': "Input should be 'TRATOR', 'COLHEITADEIRA', 'VEICULO_LEVE', 'VEICULO_PESADO', 'IMPLEMENTO', 'PULVERIZADOR' or 'OUTROS'", 'input': 'VEICULO', 'ctx': {'expected': "'TRATOR', 'COLHEITADEIRA', 'VEICULO_LEVE', 'VEICULO_PESADO', 'IMPLEMENTO', 'PULVERIZADOR' or 'OUTROS'"}}
  {'type': 'literal_error', 'loc': ('response', 14, 'status'), 'msg': "Input should be 'ATIVO', 'MANUTENCAO' or 'INATIVO'", 'input': 'EM_MANUTENCAO', 'ctx': {'expected': "'ATIVO', 'MANUTENCAO' or 'INATIVO'"}}
  {'type': 'literal_error', 'loc': ('response', 15, 'tipo'), 'msg': "Input should be 'TRATOR', 'COLHEITADEIRA', 'VEICULO_LEVE', 'VEICULO_PESADO', 'IMPLEMENTO', 'PULVERIZADOR' or 'OUTROS'", 'input': 'VEICULO', 'ctx': {'expected': "'TRATOR', 'COLHEITADEIRA', 'VEICULO_LEVE', 'VEICULO_PESADO', 'IMPLEMENTO', 'PULVERIZADOR' or 'OUTROS'"}}
  {'type': 'literal_error', 'loc': ('response', 16, 'tipo'), 'msg': "Input should be 'TRATOR', 'COLHEITADEIRA', 'VEICULO_LEVE', 'VEICULO_PESADO', 'IMPLEMENTO', 'PULVERIZADOR' or 'OUTROS'", 'input': 'IRRIGACAO', 'ctx': {'expected': "'TRATOR', 'COLHEITADEIRA', 'VEICULO_LEVE', 'VEICULO_PESADO', 'IMPLEMENTO', 'PULVERIZADOR' or 'OUTROS'"}}
  {'type': 'literal_error', 'loc': ('response', 17, 'tipo'), 'msg': "Input should be 'TRATOR', 'COLHEITADEIRA', 'VEICULO_LEVE', 'VEICULO_PESADO', 'IMPLEMENTO', 'PULVERIZADOR' or 'OUTROS'", 'input': 'IRRIGACAO', 'ctx': {'expected': "'TRATOR', 'COLHEITADEIRA', 'VEICULO_LEVE', 'VEICULO_PESADO', 'IMPLEMENTO', 'PULVERIZADOR' or 'OUTROS'"}}

  File "/opt/lampp/htdocs/farm/services/api/operacional/routers/frota.py", line 31, in listar_maquinarios
    GET /api/v1/frota/
  + Exception Group Traceback (most recent call last):
  |   File "/opt/lampp/htdocs/farm/services/api/.venv/lib/python3.10/site-packages/starlette/_utils.py", line 81, in collapse_excgroups
  |     yield
  |   File "/opt/lampp/htdocs/farm/services/api/.venv/lib/python3.10/site-packages/starlette/middleware/base.py", line 192, in __call__
  |     async with anyio.create_task_group() as task_group:
  |   File "/opt/lampp/htdocs/farm/services/api/.venv/lib/python3.10/site-packages/anyio/_backends/_asyncio.py", line 783, in __aexit__
  |     raise BaseExceptionGroup(
  | exceptiongroup.ExceptionGroup: unhandled errors in a TaskGroup (1 sub-exception)
  +-+---------------- 1 ----------------
    | Traceback (most recent call last):
    |   File "/opt/lampp/htdocs/farm/services/api/.venv/lib/python3.10/site-packages/starlette/middleware/errors.py", line 164, in __call__
    |     await self.app(scope, receive, _send)
    |   File "/opt/lampp/htdocs/farm/services/api/.venv/lib/python3.10/site-packages/starlette/middleware/cors.py", line 87, in __call__
    |     await self.app(scope, receive, send)
    |   File "/opt/lampp/htdocs/farm/services/api/.venv/lib/python3.10/site-packages/starlette/middleware/base.py", line 191, in __call__
    |     with recv_stream, send_stream, collapse_excgroups():
    |   File "/usr/lib/python3.10/contextlib.py", line 153, in __exit__
    |     self.gen.throw(typ, value, traceback)
    |   File "/opt/lampp/htdocs/farm/services/api/.venv/lib/python3.10/site-packages/starlette/_utils.py", line 87, in collapse_excgroups
    |     raise exc
    |   File "/opt/lampp/htdocs/farm/services/api/.venv/lib/python3.10/site-packages/starlette/middleware/base.py", line 193, in __call__
    |     response = await self.dispatch_func(request, call_next)
    |   File "/opt/lampp/htdocs/farm/services/api/main.py", line 143, in dispatch
    |     response = await call_next(request)
    |   File "/opt/lampp/htdocs/farm/services/api/.venv/lib/python3.10/site-packages/starlette/middleware/base.py", line 168, in call_next
    |     raise app_exc from app_exc.__cause__ or app_exc.__context__
    |   File "/opt/lampp/htdocs/farm/services/api/.venv/lib/python3.10/site-packages/starlette/middleware/base.py", line 144, in coro
    |     await self.app(scope, receive_or_disconnect, send_no_error)
    |   File "/opt/lampp/htdocs/farm/services/api/.venv/lib/python3.10/site-packages/starlette/middleware/base.py", line 191, in __call__
    |     with recv_stream, send_stream, collapse_excgroups():
    |   File "/usr/lib/python3.10/contextlib.py", line 153, in __exit__
    |     self.gen.throw(typ, value, traceback)
    |   File "/opt/lampp/htdocs/farm/services/api/.venv/lib/python3.10/site-packages/starlette/_utils.py", line 87, in collapse_excgroups
    |     raise exc
    |   File "/opt/lampp/htdocs/farm/services/api/.venv/lib/python3.10/site-packages/starlette/middleware/base.py", line 193, in __call__
    |     response = await self.dispatch_func(request, call_next)
    |   File "/opt/lampp/htdocs/farm/services/api/main.py", line 213, in dispatch
    |     return await call_next(request)
    |   File "/opt/lampp/htdocs/farm/services/api/.venv/lib/python3.10/site-packages/starlette/middleware/base.py", line 168, in call_next
    |     raise app_exc from app_exc.__cause__ or app_exc.__context__
    |   File "/opt/lampp/htdocs/farm/services/api/.venv/lib/python3.10/site-packages/starlette/middleware/base.py", line 144, in coro
    |     await self.app(scope, receive_or_disconnect, send_no_error)
    |   File "/opt/lampp/htdocs/farm/services/api/.venv/lib/python3.10/site-packages/starlette/middleware/exceptions.py", line 63, in __call__
    |     await wrap_app_handling_exceptions(self.app, conn)(scope, receive, send)
    |   File "/opt/lampp/htdocs/farm/services/api/.venv/lib/python3.10/site-packages/starlette/_exception_handler.py", line 53, in wrapped_app
    |     raise exc
    |   File "/opt/lampp/htdocs/farm/services/api/.venv/lib/python3.10/site-packages/starlette/_exception_handler.py", line 42, in wrapped_app
    |     await app(scope, receive, sender)
    |   File "/opt/lampp/htdocs/farm/services/api/.venv/lib/python3.10/site-packages/fastapi/middleware/asyncexitstack.py", line 18, in __call__
    |     await self.app(scope, receive, send)
    |   File "/opt/lampp/htdocs/farm/services/api/.venv/lib/python3.10/site-packages/starlette/routing.py", line 716, in __call__
    |     await self.middleware_stack(scope, receive, send)
    |   File "/opt/lampp/htdocs/farm/services/api/.venv/lib/python3.10/site-packages/starlette/routing.py", line 736, in app
    |     await route.handle(scope, receive, send)
    |   File "/opt/lampp/htdocs/farm/services/api/.venv/lib/python3.10/site-packages/starlette/routing.py", line 290, in handle
    |     await self.app(scope, receive, send)
    |   File "/opt/lampp/htdocs/farm/services/api/.venv/lib/python3.10/site-packages/fastapi/routing.py", line 130, in app
    |     await wrap_app_handling_exceptions(app, request)(scope, receive, send)
    |   File "/opt/lampp/htdocs/farm/services/api/.venv/lib/python3.10/site-packages/starlette/_exception_handler.py", line 53, in wrapped_app
    |     raise exc
    |   File "/opt/lampp/htdocs/farm/services/api/.venv/lib/python3.10/site-packages/starlette/_exception_handler.py", line 42, in wrapped_app
    |     await app(scope, receive, sender)
    |   File "/opt/lampp/htdocs/farm/services/api/.venv/lib/python3.10/site-packages/fastapi/routing.py", line 116, in app
    |     response = await f(request)
    |   File "/opt/lampp/htdocs/farm/services/api/.venv/lib/python3.10/site-packages/fastapi/routing.py", line 691, in app
    |     content = await serialize_response(
    |   File "/opt/lampp/htdocs/farm/services/api/.venv/lib/python3.10/site-packages/fastapi/routing.py", line 296, in serialize_response
    |     raise ResponseValidationError(
    | fastapi.exceptions.ResponseValidationError: 11 validation errors:
    |   {'type': 'literal_error', 'loc': ('response', 2, 'status'), 'msg': "Input should be 'ATIVO', 'MANUTENCAO' or 'INATIVO'", 'input': 'EM_MANUTENCAO', 'ctx': {'expected': "'ATIVO', 'MANUTENCAO' or 'INATIVO'"}}
    |   {'type': 'literal_error', 'loc': ('response', 4, 'tipo'), 'msg': "Input should be 'TRATOR', 'COLHEITADEIRA', 'VEICULO_LEVE', 'VEICULO_PESADO', 'IMPLEMENTO', 'PULVERIZADOR' or 'OUTROS'", 'input': 'COLHEDORA', 'ctx': {'expected': "'TRATOR', 'COLHEITADEIRA', 'VEICULO_LEVE', 'VEICULO_PESADO', 'IMPLEMENTO', 'PULVERIZADOR' or 'OUTROS'"}}
    |   {'type': 'literal_error', 'loc': ('response', 5, 'tipo'), 'msg': "Input should be 'TRATOR', 'COLHEITADEIRA', 'VEICULO_LEVE', 'VEICULO_PESADO', 'IMPLEMENTO', 'PULVERIZADOR' or 'OUTROS'", 'input': 'COLHEDORA', 'ctx': {'expected': "'TRATOR', 'COLHEITADEIRA', 'VEICULO_LEVE', 'VEICULO_PESADO', 'IMPLEMENTO', 'PULVERIZADOR' or 'OUTROS'"}}
    |   {'type': 'literal_error', 'loc': ('response', 11, 'tipo'), 'msg': "Input should be 'TRATOR', 'COLHEITADEIRA', 'VEICULO_LEVE', 'VEICULO_PESADO', 'IMPLEMENTO', 'PULVERIZADOR' or 'OUTROS'", 'input': 'VEICULO', 'ctx': {'expected': "'TRATOR', 'COLHEITADEIRA', 'VEICULO_LEVE', 'VEICULO_PESADO', 'IMPLEMENTO', 'PULVERIZADOR' or 'OUTROS'"}}
    |   {'type': 'literal_error', 'loc': ('response', 12, 'tipo'), 'msg': "Input should be 'TRATOR', 'COLHEITADEIRA', 'VEICULO_LEVE', 'VEICULO_PESADO', 'IMPLEMENTO', 'PULVERIZADOR' or 'OUTROS'", 'input': 'VEICULO', 'ctx': {'expected': "'TRATOR', 'COLHEITADEIRA', 'VEICULO_LEVE', 'VEICULO_PESADO', 'IMPLEMENTO', 'PULVERIZADOR' or 'OUTROS'"}}
    |   {'type': 'literal_error', 'loc': ('response', 13, 'tipo'), 'msg': "Input should be 'TRATOR', 'COLHEITADEIRA', 'VEICULO_LEVE', 'VEICULO_PESADO', 'IMPLEMENTO', 'PULVERIZADOR' or 'OUTROS'", 'input': 'VEICULO', 'ctx': {'expected': "'TRATOR', 'COLHEITADEIRA', 'VEICULO_LEVE', 'VEICULO_PESADO', 'IMPLEMENTO', 'PULVERIZADOR' or 'OUTROS'"}}
    |   {'type': 'literal_error', 'loc': ('response', 14, 'tipo'), 'msg': "Input should be 'TRATOR', 'COLHEITADEIRA', 'VEICULO_LEVE', 'VEICULO_PESADO', 'IMPLEMENTO', 'PULVERIZADOR' or 'OUTROS'", 'input': 'VEICULO', 'ctx': {'expected': "'TRATOR', 'COLHEITADEIRA', 'VEICULO_LEVE', 'VEICULO_PESADO', 'IMPLEMENTO', 'PULVERIZADOR' or 'OUTROS'"}}
    |   {'type': 'literal_error', 'loc': ('response', 14, 'status'), 'msg': "Input should be 'ATIVO', 'MANUTENCAO' or 'INATIVO'", 'input': 'EM_MANUTENCAO', 'ctx': {'expected': "'ATIVO', 'MANUTENCAO' or 'INATIVO'"}}
    |   {'type': 'literal_error', 'loc': ('response', 15, 'tipo'), 'msg': "Input should be 'TRATOR', 'COLHEITADEIRA', 'VEICULO_LEVE', 'VEICULO_PESADO', 'IMPLEMENTO', 'PULVERIZADOR' or 'OUTROS'", 'input': 'VEICULO', 'ctx': {'expected': "'TRATOR', 'COLHEITADEIRA', 'VEICULO_LEVE', 'VEICULO_PESADO', 'IMPLEMENTO', 'PULVERIZADOR' or 'OUTROS'"}}
    |   {'type': 'literal_error', 'loc': ('response', 16, 'tipo'), 'msg': "Input should be 'TRATOR', 'COLHEITADEIRA', 'VEICULO_LEVE', 'VEICULO_PESADO', 'IMPLEMENTO', 'PULVERIZADOR' or 'OUTROS'", 'input': 'IRRIGACAO', 'ctx': {'expected': "'TRATOR', 'COLHEITADEIRA', 'VEICULO_LEVE', 'VEICULO_PESADO', 'IMPLEMENTO', 'PULVERIZADOR' or 'OUTROS'"}}
    |   {'type': 'literal_error', 'loc': ('response', 17, 'tipo'), 'msg': "Input should be 'TRATOR', 'COLHEITADEIRA', 'VEICULO_LEVE', 'VEICULO_PESADO', 'IMPLEMENTO', 'PULVERIZADOR' or 'OUTROS'", 'input': 'IRRIGACAO', 'ctx': {'expected': "'TRATOR', 'COLHEITADEIRA', 'VEICULO_LEVE', 'VEICULO_PESADO', 'IMPLEMENTO', 'PULVERIZADOR' or 'OUTROS'"}}
    | 
    |   File "/opt/lampp/htdocs/farm/services/api/operacional/routers/frota.py", line 31, in listar_maquinarios
    |     GET /api/v1/frota/
    +------------------------------------

The above exception was the direct cause of the following exception:

Traceback (most recent call last):
  File "/opt/lampp/htdocs/farm/services/api/.venv/lib/python3.10/site-packages/starlette/middleware/errors.py", line 164, in __call__
    await self.app(scope, receive, _send)
  File "/opt/lampp/htdocs/farm/services/api/.venv/lib/python3.10/site-packages/starlette/middleware/cors.py", line 87, in __call__
    await self.app(scope, receive, send)
  File "/opt/lampp/htdocs/farm/services/api/.venv/lib/python3.10/site-packages/starlette/middleware/base.py", line 191, in __call__
    with recv_stream, send_stream, collapse_excgroups():
  File "/usr/lib/python3.10/contextlib.py", line 153, in __exit__
    self.gen.throw(typ, value, traceback)
  File "/opt/lampp/htdocs/farm/services/api/.venv/lib/python3.10/site-packages/starlette/_utils.py", line 87, in collapse_excgroups
    raise exc
  File "/opt/lampp/htdocs/farm/services/api/.venv/lib/python3.10/site-packages/starlette/middleware/base.py", line 193, in __call__
    response = await self.dispatch_func(request, call_next)
  File "/opt/lampp/htdocs/farm/services/api/main.py", line 143, in dispatch
    response = await call_next(request)
  File "/opt/lampp/htdocs/farm/services/api/.venv/lib/python3.10/site-packages/starlette/middleware/base.py", line 168, in call_next
    raise app_exc from app_exc.__cause__ or app_exc.__context__
  File "/opt/lampp/htdocs/farm/services/api/.venv/lib/python3.10/site-packages/starlette/middleware/base.py", line 144, in coro
    await self.app(scope, receive_or_disconnect, send_no_error)
  File "/opt/lampp/htdocs/farm/services/api/.venv/lib/python3.10/site-packages/starlette/middleware/base.py", line 191, in __call__
    with recv_stream, send_stream, collapse_excgroups():
  File "/usr/lib/python3.10/contextlib.py", line 153, in __exit__
    self.gen.throw(typ, value, traceback)
  File "/opt/lampp/htdocs/farm/services/api/.venv/lib/python3.10/site-packages/starlette/_utils.py", line 87, in collapse_excgroups
    raise exc
  File "/opt/lampp/htdocs/farm/services/api/.venv/lib/python3.10/site-packages/starlette/middleware/base.py", line 193, in __call__
    response = await self.dispatch_func(request, call_next)
  File "/opt/lampp/htdocs/farm/services/api/main.py", line 213, in dispatch
    return await call_next(request)
  File "/opt/lampp/htdocs/farm/services/api/.venv/lib/python3.10/site-packages/starlette/middleware/base.py", line 168, in call_next
    raise app_exc from app_exc.__cause__ or app_exc.__context__
  File "/opt/lampp/htdocs/farm/services/api/.venv/lib/python3.10/site-packages/starlette/middleware/base.py", line 144, in coro
    await self.app(scope, receive_or_disconnect, send_no_error)
  File "/opt/lampp/htdocs/farm/services/api/.venv/lib/python3.10/site-packages/starlette/middleware/exceptions.py", line 63, in __call__
    await wrap_app_handling_exceptions(self.app, conn)(scope, receive, send)
  File "/opt/lampp/htdocs/farm/services/api/.venv/lib/python3.10/site-packages/starlette/_exception_handler.py", line 53, in wrapped_app
    raise exc
  File "/opt/lampp/htdocs/farm/services/api/.venv/lib/python3.10/site-packages/starlette/_exception_handler.py", line 42, in wrapped_app
    await app(scope, receive, sender)
  File "/opt/lampp/htdocs/farm/services/api/.venv/lib/python3.10/site-packages/fastapi/middleware/asyncexitstack.py", line 18, in __call__
    await self.app(scope, receive, send)
  File "/opt/lampp/htdocs/farm/services/api/.venv/lib/python3.10/site-packages/starlette/routing.py", line 716, in __call__
    await self.middleware_stack(scope, receive, send)
  File "/opt/lampp/htdocs/farm/services/api/.venv/lib/python3.10/site-packages/starlette/routing.py", line 736, in app
    await route.handle(scope, receive, send)
  File "/opt/lampp/htdocs/farm/services/api/.venv/lib/python3.10/site-packages/starlette/routing.py", line 290, in handle
    await self.app(scope, receive, send)
  File "/opt/lampp/htdocs/farm/services/api/.venv/lib/python3.10/site-packages/fastapi/routing.py", line 130, in app
    await wrap_app_handling_exceptions(app, request)(scope, receive, send)
  File "/opt/lampp/htdocs/farm/services/api/.venv/lib/python3.10/site-packages/starlette/_exception_handler.py", line 53, in wrapped_app
    raise exc
  File "/opt/lampp/htdocs/farm/services/api/.venv/lib/python3.10/site-packages/starlette/_exception_handler.py", line 42, in wrapped_app
    await app(scope, receive, sender)
  File "/opt/lampp/htdocs/farm/services/api/.venv/lib/python3.10/site-packages/fastapi/routing.py", line 116, in app
    response = await f(request)
  File "/opt/lampp/htdocs/farm/services/api/.venv/lib/python3.10/site-packages/fastapi/routing.py", line 691, in app
    content = await serialize_response(
  File "/opt/lampp/htdocs/farm/services/api/.venv/lib/python3.10/site-packages/fastapi/routing.py", line 296, in serialize_response
    raise ResponseValidationError(
fastapi.exceptions.ResponseValidationError: 11 validation errors:
  {'type': 'literal_error', 'loc': ('response', 2, 'status'), 'msg': "Input should be 'ATIVO', 'MANUTENCAO' or 'INATIVO'", 'input': 'EM_MANUTENCAO', 'ctx': {'expected': "'ATIVO', 'MANUTENCAO' or 'INATIVO'"}}
  {'type': 'literal_error', 'loc': ('response', 4, 'tipo'), 'msg': "Input should be 'TRATOR', 'COLHEITADEIRA', 'VEICULO_LEVE', 'VEICULO_PESADO', 'IMPLEMENTO', 'PULVERIZADOR' or 'OUTROS'", 'input': 'COLHEDORA', 'ctx': {'expected': "'TRATOR', 'COLHEITADEIRA', 'VEICULO_LEVE', 'VEICULO_PESADO', 'IMPLEMENTO', 'PULVERIZADOR' or 'OUTROS'"}}
  {'type': 'literal_error', 'loc': ('response', 5, 'tipo'), 'msg': "Input should be 'TRATOR', 'COLHEITADEIRA', 'VEICULO_LEVE', 'VEICULO_PESADO', 'IMPLEMENTO', 'PULVERIZADOR' or 'OUTROS'", 'input': 'COLHEDORA', 'ctx': {'expected': "'TRATOR', 'COLHEITADEIRA', 'VEICULO_LEVE', 'VEICULO_PESADO', 'IMPLEMENTO', 'PULVERIZADOR' or 'OUTROS'"}}
  {'type': 'literal_error', 'loc': ('response', 11, 'tipo'), 'msg': "Input should be 'TRATOR', 'COLHEITADEIRA', 'VEICULO_LEVE', 'VEICULO_PESADO', 'IMPLEMENTO', 'PULVERIZADOR' or 'OUTROS'", 'input': 'VEICULO', 'ctx': {'expected': "'TRATOR', 'COLHEITADEIRA', 'VEICULO_LEVE', 'VEICULO_PESADO', 'IMPLEMENTO', 'PULVERIZADOR' or 'OUTROS'"}}
  {'type': 'literal_error', 'loc': ('response', 12, 'tipo'), 'msg': "Input should be 'TRATOR', 'COLHEITADEIRA', 'VEICULO_LEVE', 'VEICULO_PESADO', 'IMPLEMENTO', 'PULVERIZADOR' or 'OUTROS'", 'input': 'VEICULO', 'ctx': {'expected': "'TRATOR', 'COLHEITADEIRA', 'VEICULO_LEVE', 'VEICULO_PESADO', 'IMPLEMENTO', 'PULVERIZADOR' or 'OUTROS'"}}
  {'type': 'literal_error', 'loc': ('response', 13, 'tipo'), 'msg': "Input should be 'TRATOR', 'COLHEITADEIRA', 'VEICULO_LEVE', 'VEICULO_PESADO', 'IMPLEMENTO', 'PULVERIZADOR' or 'OUTROS'", 'input': 'VEICULO', 'ctx': {'expected': "'TRATOR', 'COLHEITADEIRA', 'VEICULO_LEVE', 'VEICULO_PESADO', 'IMPLEMENTO', 'PULVERIZADOR' or 'OUTROS'"}}
  {'type': 'literal_error', 'loc': ('response', 14, 'tipo'), 'msg': "Input should be 'TRATOR', 'COLHEITADEIRA', 'VEICULO_LEVE', 'VEICULO_PESADO', 'IMPLEMENTO', 'PULVERIZADOR' or 'OUTROS'", 'input': 'VEICULO', 'ctx': {'expected': "'TRATOR', 'COLHEITADEIRA', 'VEICULO_LEVE', 'VEICULO_PESADO', 'IMPLEMENTO', 'PULVERIZADOR' or 'OUTROS'"}}
  {'type': 'literal_error', 'loc': ('response', 14, 'status'), 'msg': "Input should be 'ATIVO', 'MANUTENCAO' or 'INATIVO'", 'input': 'EM_MANUTENCAO', 'ctx': {'expected': "'ATIVO', 'MANUTENCAO' or 'INATIVO'"}}
  {'type': 'literal_error', 'loc': ('response', 15, 'tipo'), 'msg': "Input should be 'TRATOR', 'COLHEITADEIRA', 'VEICULO_LEVE', 'VEICULO_PESADO', 'IMPLEMENTO', 'PULVERIZADOR' or 'OUTROS'", 'input': 'VEICULO', 'ctx': {'expected': "'TRATOR', 'COLHEITADEIRA', 'VEICULO_LEVE', 'VEICULO_PESADO', 'IMPLEMENTO', 'PULVERIZADOR' or 'OUTROS'"}}
  {'type': 'literal_error', 'loc': ('response', 16, 'tipo'), 'msg': "Input should be 'TRATOR', 'COLHEITADEIRA', 'VEICULO_LEVE', 'VEICULO_PESADO', 'IMPLEMENTO', 'PULVERIZADOR' or 'OUTROS'", 'input': 'IRRIGACAO', 'ctx': {'expected': "'TRATOR', 'COLHEITADEIRA', 'VEICULO_LEVE', 'VEICULO_PESADO', 'IMPLEMENTO', 'PULVERIZADOR' or 'OUTROS'"}}
  {'type': 'literal_error', 'loc': ('response', 17, 'tipo'), 'msg': "Input should be 'TRATOR', 'COLHEITADEIRA', 'VEICULO_LEVE', 'VEICULO_PESADO', 'IMPLEMENTO', 'PULVERIZADOR' or 'OUTROS'", 'input': 'IRRIGACAO', 'ctx': {'expected': "'TRATOR', 'COLHEITADEIRA', 'VEICULO_LEVE', 'VEICULO_PESADO', 'IMPLEMENTO', 'PULVERIZADOR' or 'OUTROS'"}}

  File "/opt/lampp/htdocs/farm/services/api/operacional/routers/frota.py", line 31, in listar_maquinarios
    GET /api/v1/frota/


--- 2026-05-03 14:40:55.026352 ---
Unhandled Exception: ResponseValidationError: 11 validation errors:
  {'type': 'literal_error', 'loc': ('response', 2, 'status'), 'msg': "Input should be 'ATIVO', 'MANUTENCAO' or 'INATIVO'", 'input': 'EM_MANUTENCAO', 'ctx': {'expected': "'ATIVO', 'MANUTENCAO' or 'INATIVO'"}}
  {'type': 'literal_error', 'loc': ('response', 4, 'tipo'), 'msg': "Input should be 'TRATOR', 'COLHEITADEIRA', 'VEICULO_LEVE', 'VEICULO_PESADO', 'IMPLEMENTO', 'PULVERIZADOR' or 'OUTROS'", 'input': 'COLHEDORA', 'ctx': {'expected': "'TRATOR', 'COLHEITADEIRA', 'VEICULO_LEVE', 'VEICULO_PESADO', 'IMPLEMENTO', 'PULVERIZADOR' or 'OUTROS'"}}
  {'type': 'literal_error', 'loc': ('response', 5, 'tipo'), 'msg': "Input should be 'TRATOR', 'COLHEITADEIRA', 'VEICULO_LEVE', 'VEICULO_PESADO', 'IMPLEMENTO', 'PULVERIZADOR' or 'OUTROS'", 'input': 'COLHEDORA', 'ctx': {'expected': "'TRATOR', 'COLHEITADEIRA', 'VEICULO_LEVE', 'VEICULO_PESADO', 'IMPLEMENTO', 'PULVERIZADOR' or 'OUTROS'"}}
  {'type': 'literal_error', 'loc': ('response', 11, 'tipo'), 'msg': "Input should be 'TRATOR', 'COLHEITADEIRA', 'VEICULO_LEVE', 'VEICULO_PESADO', 'IMPLEMENTO', 'PULVERIZADOR' or 'OUTROS'", 'input': 'VEICULO', 'ctx': {'expected': "'TRATOR', 'COLHEITADEIRA', 'VEICULO_LEVE', 'VEICULO_PESADO', 'IMPLEMENTO', 'PULVERIZADOR' or 'OUTROS'"}}
  {'type': 'literal_error', 'loc': ('response', 12, 'tipo'), 'msg': "Input should be 'TRATOR', 'COLHEITADEIRA', 'VEICULO_LEVE', 'VEICULO_PESADO', 'IMPLEMENTO', 'PULVERIZADOR' or 'OUTROS'", 'input': 'VEICULO', 'ctx': {'expected': "'TRATOR', 'COLHEITADEIRA', 'VEICULO_LEVE', 'VEICULO_PESADO', 'IMPLEMENTO', 'PULVERIZADOR' or 'OUTROS'"}}
  {'type': 'literal_error', 'loc': ('response', 13, 'tipo'), 'msg': "Input should be 'TRATOR', 'COLHEITADEIRA', 'VEICULO_LEVE', 'VEICULO_PESADO', 'IMPLEMENTO', 'PULVERIZADOR' or 'OUTROS'", 'input': 'VEICULO', 'ctx': {'expected': "'TRATOR', 'COLHEITADEIRA', 'VEICULO_LEVE', 'VEICULO_PESADO', 'IMPLEMENTO', 'PULVERIZADOR' or 'OUTROS'"}}
  {'type': 'literal_error', 'loc': ('response', 14, 'tipo'), 'msg': "Input should be 'TRATOR', 'COLHEITADEIRA', 'VEICULO_LEVE', 'VEICULO_PESADO', 'IMPLEMENTO', 'PULVERIZADOR' or 'OUTROS'", 'input': 'VEICULO', 'ctx': {'expected': "'TRATOR', 'COLHEITADEIRA', 'VEICULO_LEVE', 'VEICULO_PESADO', 'IMPLEMENTO', 'PULVERIZADOR' or 'OUTROS'"}}
  {'type': 'literal_error', 'loc': ('response', 14, 'status'), 'msg': "Input should be 'ATIVO', 'MANUTENCAO' or 'INATIVO'", 'input': 'EM_MANUTENCAO', 'ctx': {'expected': "'ATIVO', 'MANUTENCAO' or 'INATIVO'"}}
  {'type': 'literal_error', 'loc': ('response', 15, 'tipo'), 'msg': "Input should be 'TRATOR', 'COLHEITADEIRA', 'VEICULO_LEVE', 'VEICULO_PESADO', 'IMPLEMENTO', 'PULVERIZADOR' or 'OUTROS'", 'input': 'VEICULO', 'ctx': {'expected': "'TRATOR', 'COLHEITADEIRA', 'VEICULO_LEVE', 'VEICULO_PESADO', 'IMPLEMENTO', 'PULVERIZADOR' or 'OUTROS'"}}
  {'type': 'literal_error', 'loc': ('response', 16, 'tipo'), 'msg': "Input should be 'TRATOR', 'COLHEITADEIRA', 'VEICULO_LEVE', 'VEICULO_PESADO', 'IMPLEMENTO', 'PULVERIZADOR' or 'OUTROS'", 'input': 'IRRIGACAO', 'ctx': {'expected': "'TRATOR', 'COLHEITADEIRA', 'VEICULO_LEVE', 'VEICULO_PESADO', 'IMPLEMENTO', 'PULVERIZADOR' or 'OUTROS'"}}
  {'type': 'literal_error', 'loc': ('response', 17, 'tipo'), 'msg': "Input should be 'TRATOR', 'COLHEITADEIRA', 'VEICULO_LEVE', 'VEICULO_PESADO', 'IMPLEMENTO', 'PULVERIZADOR' or 'OUTROS'", 'input': 'IRRIGACAO', 'ctx': {'expected': "'TRATOR', 'COLHEITADEIRA', 'VEICULO_LEVE', 'VEICULO_PESADO', 'IMPLEMENTO', 'PULVERIZADOR' or 'OUTROS'"}}

  File "/opt/lampp/htdocs/farm/services/api/operacional/routers/frota.py", line 31, in listar_maquinarios
    GET /api/v1/frota/
  + Exception Group Traceback (most recent call last):
  |   File "/opt/lampp/htdocs/farm/services/api/.venv/lib/python3.10/site-packages/starlette/_utils.py", line 81, in collapse_excgroups
  |     yield
  |   File "/opt/lampp/htdocs/farm/services/api/.venv/lib/python3.10/site-packages/starlette/middleware/base.py", line 192, in __call__
  |     async with anyio.create_task_group() as task_group:
  |   File "/opt/lampp/htdocs/farm/services/api/.venv/lib/python3.10/site-packages/anyio/_backends/_asyncio.py", line 783, in __aexit__
  |     raise BaseExceptionGroup(
  | exceptiongroup.ExceptionGroup: unhandled errors in a TaskGroup (1 sub-exception)
  +-+---------------- 1 ----------------
    | Traceback (most recent call last):
    |   File "/opt/lampp/htdocs/farm/services/api/.venv/lib/python3.10/site-packages/starlette/middleware/errors.py", line 164, in __call__
    |     await self.app(scope, receive, _send)
    |   File "/opt/lampp/htdocs/farm/services/api/.venv/lib/python3.10/site-packages/starlette/middleware/cors.py", line 87, in __call__
    |     await self.app(scope, receive, send)
    |   File "/opt/lampp/htdocs/farm/services/api/.venv/lib/python3.10/site-packages/starlette/middleware/base.py", line 191, in __call__
    |     with recv_stream, send_stream, collapse_excgroups():
    |   File "/usr/lib/python3.10/contextlib.py", line 153, in __exit__
    |     self.gen.throw(typ, value, traceback)
    |   File "/opt/lampp/htdocs/farm/services/api/.venv/lib/python3.10/site-packages/starlette/_utils.py", line 87, in collapse_excgroups
    |     raise exc
    |   File "/opt/lampp/htdocs/farm/services/api/.venv/lib/python3.10/site-packages/starlette/middleware/base.py", line 193, in __call__
    |     response = await self.dispatch_func(request, call_next)
    |   File "/opt/lampp/htdocs/farm/services/api/main.py", line 143, in dispatch
    |     response = await call_next(request)
    |   File "/opt/lampp/htdocs/farm/services/api/.venv/lib/python3.10/site-packages/starlette/middleware/base.py", line 168, in call_next
    |     raise app_exc from app_exc.__cause__ or app_exc.__context__
    |   File "/opt/lampp/htdocs/farm/services/api/.venv/lib/python3.10/site-packages/starlette/middleware/base.py", line 144, in coro
    |     await self.app(scope, receive_or_disconnect, send_no_error)
    |   File "/opt/lampp/htdocs/farm/services/api/.venv/lib/python3.10/site-packages/starlette/middleware/base.py", line 191, in __call__
    |     with recv_stream, send_stream, collapse_excgroups():
    |   File "/usr/lib/python3.10/contextlib.py", line 153, in __exit__
    |     self.gen.throw(typ, value, traceback)
    |   File "/opt/lampp/htdocs/farm/services/api/.venv/lib/python3.10/site-packages/starlette/_utils.py", line 87, in collapse_excgroups
    |     raise exc
    |   File "/opt/lampp/htdocs/farm/services/api/.venv/lib/python3.10/site-packages/starlette/middleware/base.py", line 193, in __call__
    |     response = await self.dispatch_func(request, call_next)
    |   File "/opt/lampp/htdocs/farm/services/api/main.py", line 213, in dispatch
    |     return await call_next(request)
    |   File "/opt/lampp/htdocs/farm/services/api/.venv/lib/python3.10/site-packages/starlette/middleware/base.py", line 168, in call_next
    |     raise app_exc from app_exc.__cause__ or app_exc.__context__
    |   File "/opt/lampp/htdocs/farm/services/api/.venv/lib/python3.10/site-packages/starlette/middleware/base.py", line 144, in coro
    |     await self.app(scope, receive_or_disconnect, send_no_error)
    |   File "/opt/lampp/htdocs/farm/services/api/.venv/lib/python3.10/site-packages/starlette/middleware/exceptions.py", line 63, in __call__
    |     await wrap_app_handling_exceptions(self.app, conn)(scope, receive, send)
    |   File "/opt/lampp/htdocs/farm/services/api/.venv/lib/python3.10/site-packages/starlette/_exception_handler.py", line 53, in wrapped_app
    |     raise exc
    |   File "/opt/lampp/htdocs/farm/services/api/.venv/lib/python3.10/site-packages/starlette/_exception_handler.py", line 42, in wrapped_app
    |     await app(scope, receive, sender)
    |   File "/opt/lampp/htdocs/farm/services/api/.venv/lib/python3.10/site-packages/fastapi/middleware/asyncexitstack.py", line 18, in __call__
    |     await self.app(scope, receive, send)
    |   File "/opt/lampp/htdocs/farm/services/api/.venv/lib/python3.10/site-packages/starlette/routing.py", line 716, in __call__
    |     await self.middleware_stack(scope, receive, send)
    |   File "/opt/lampp/htdocs/farm/services/api/.venv/lib/python3.10/site-packages/starlette/routing.py", line 736, in app
    |     await route.handle(scope, receive, send)
    |   File "/opt/lampp/htdocs/farm/services/api/.venv/lib/python3.10/site-packages/starlette/routing.py", line 290, in handle
    |     await self.app(scope, receive, send)
    |   File "/opt/lampp/htdocs/farm/services/api/.venv/lib/python3.10/site-packages/fastapi/routing.py", line 130, in app
    |     await wrap_app_handling_exceptions(app, request)(scope, receive, send)
    |   File "/opt/lampp/htdocs/farm/services/api/.venv/lib/python3.10/site-packages/starlette/_exception_handler.py", line 53, in wrapped_app
    |     raise exc
    |   File "/opt/lampp/htdocs/farm/services/api/.venv/lib/python3.10/site-packages/starlette/_exception_handler.py", line 42, in wrapped_app
    |     await app(scope, receive, sender)
    |   File "/opt/lampp/htdocs/farm/services/api/.venv/lib/python3.10/site-packages/fastapi/routing.py", line 116, in app
    |     response = await f(request)
    |   File "/opt/lampp/htdocs/farm/services/api/.venv/lib/python3.10/site-packages/fastapi/routing.py", line 691, in app
    |     content = await serialize_response(
    |   File "/opt/lampp/htdocs/farm/services/api/.venv/lib/python3.10/site-packages/fastapi/routing.py", line 296, in serialize_response
    |     raise ResponseValidationError(
    | fastapi.exceptions.ResponseValidationError: 11 validation errors:
    |   {'type': 'literal_error', 'loc': ('response', 2, 'status'), 'msg': "Input should be 'ATIVO', 'MANUTENCAO' or 'INATIVO'", 'input': 'EM_MANUTENCAO', 'ctx': {'expected': "'ATIVO', 'MANUTENCAO' or 'INATIVO'"}}
    |   {'type': 'literal_error', 'loc': ('response', 4, 'tipo'), 'msg': "Input should be 'TRATOR', 'COLHEITADEIRA', 'VEICULO_LEVE', 'VEICULO_PESADO', 'IMPLEMENTO', 'PULVERIZADOR' or 'OUTROS'", 'input': 'COLHEDORA', 'ctx': {'expected': "'TRATOR', 'COLHEITADEIRA', 'VEICULO_LEVE', 'VEICULO_PESADO', 'IMPLEMENTO', 'PULVERIZADOR' or 'OUTROS'"}}
    |   {'type': 'literal_error', 'loc': ('response', 5, 'tipo'), 'msg': "Input should be 'TRATOR', 'COLHEITADEIRA', 'VEICULO_LEVE', 'VEICULO_PESADO', 'IMPLEMENTO', 'PULVERIZADOR' or 'OUTROS'", 'input': 'COLHEDORA', 'ctx': {'expected': "'TRATOR', 'COLHEITADEIRA', 'VEICULO_LEVE', 'VEICULO_PESADO', 'IMPLEMENTO', 'PULVERIZADOR' or 'OUTROS'"}}
    |   {'type': 'literal_error', 'loc': ('response', 11, 'tipo'), 'msg': "Input should be 'TRATOR', 'COLHEITADEIRA', 'VEICULO_LEVE', 'VEICULO_PESADO', 'IMPLEMENTO', 'PULVERIZADOR' or 'OUTROS'", 'input': 'VEICULO', 'ctx': {'expected': "'TRATOR', 'COLHEITADEIRA', 'VEICULO_LEVE', 'VEICULO_PESADO', 'IMPLEMENTO', 'PULVERIZADOR' or 'OUTROS'"}}
    |   {'type': 'literal_error', 'loc': ('response', 12, 'tipo'), 'msg': "Input should be 'TRATOR', 'COLHEITADEIRA', 'VEICULO_LEVE', 'VEICULO_PESADO', 'IMPLEMENTO', 'PULVERIZADOR' or 'OUTROS'", 'input': 'VEICULO', 'ctx': {'expected': "'TRATOR', 'COLHEITADEIRA', 'VEICULO_LEVE', 'VEICULO_PESADO', 'IMPLEMENTO', 'PULVERIZADOR' or 'OUTROS'"}}
    |   {'type': 'literal_error', 'loc': ('response', 13, 'tipo'), 'msg': "Input should be 'TRATOR', 'COLHEITADEIRA', 'VEICULO_LEVE', 'VEICULO_PESADO', 'IMPLEMENTO', 'PULVERIZADOR' or 'OUTROS'", 'input': 'VEICULO', 'ctx': {'expected': "'TRATOR', 'COLHEITADEIRA', 'VEICULO_LEVE', 'VEICULO_PESADO', 'IMPLEMENTO', 'PULVERIZADOR' or 'OUTROS'"}}
    |   {'type': 'literal_error', 'loc': ('response', 14, 'tipo'), 'msg': "Input should be 'TRATOR', 'COLHEITADEIRA', 'VEICULO_LEVE', 'VEICULO_PESADO', 'IMPLEMENTO', 'PULVERIZADOR' or 'OUTROS'", 'input': 'VEICULO', 'ctx': {'expected': "'TRATOR', 'COLHEITADEIRA', 'VEICULO_LEVE', 'VEICULO_PESADO', 'IMPLEMENTO', 'PULVERIZADOR' or 'OUTROS'"}}
    |   {'type': 'literal_error', 'loc': ('response', 14, 'status'), 'msg': "Input should be 'ATIVO', 'MANUTENCAO' or 'INATIVO'", 'input': 'EM_MANUTENCAO', 'ctx': {'expected': "'ATIVO', 'MANUTENCAO' or 'INATIVO'"}}
    |   {'type': 'literal_error', 'loc': ('response', 15, 'tipo'), 'msg': "Input should be 'TRATOR', 'COLHEITADEIRA', 'VEICULO_LEVE', 'VEICULO_PESADO', 'IMPLEMENTO', 'PULVERIZADOR' or 'OUTROS'", 'input': 'VEICULO', 'ctx': {'expected': "'TRATOR', 'COLHEITADEIRA', 'VEICULO_LEVE', 'VEICULO_PESADO', 'IMPLEMENTO', 'PULVERIZADOR' or 'OUTROS'"}}
    |   {'type': 'literal_error', 'loc': ('response', 16, 'tipo'), 'msg': "Input should be 'TRATOR', 'COLHEITADEIRA', 'VEICULO_LEVE', 'VEICULO_PESADO', 'IMPLEMENTO', 'PULVERIZADOR' or 'OUTROS'", 'input': 'IRRIGACAO', 'ctx': {'expected': "'TRATOR', 'COLHEITADEIRA', 'VEICULO_LEVE', 'VEICULO_PESADO', 'IMPLEMENTO', 'PULVERIZADOR' or 'OUTROS'"}}
    |   {'type': 'literal_error', 'loc': ('response', 17, 'tipo'), 'msg': "Input should be 'TRATOR', 'COLHEITADEIRA', 'VEICULO_LEVE', 'VEICULO_PESADO', 'IMPLEMENTO', 'PULVERIZADOR' or 'OUTROS'", 'input': 'IRRIGACAO', 'ctx': {'expected': "'TRATOR', 'COLHEITADEIRA', 'VEICULO_LEVE', 'VEICULO_PESADO', 'IMPLEMENTO', 'PULVERIZADOR' or 'OUTROS'"}}
    | 
    |   File "/opt/lampp/htdocs/farm/services/api/operacional/routers/frota.py", line 31, in listar_maquinarios
    |     GET /api/v1/frota/
    +------------------------------------

The above exception was the direct cause of the following exception:

Traceback (most recent call last):
  File "/opt/lampp/htdocs/farm/services/api/.venv/lib/python3.10/site-packages/starlette/middleware/errors.py", line 164, in __call__
    await self.app(scope, receive, _send)
  File "/opt/lampp/htdocs/farm/services/api/.venv/lib/python3.10/site-packages/starlette/middleware/cors.py", line 87, in __call__
    await self.app(scope, receive, send)
  File "/opt/lampp/htdocs/farm/services/api/.venv/lib/python3.10/site-packages/starlette/middleware/base.py", line 191, in __call__
    with recv_stream, send_stream, collapse_excgroups():
  File "/usr/lib/python3.10/contextlib.py", line 153, in __exit__
    self.gen.throw(typ, value, traceback)
  File "/opt/lampp/htdocs/farm/services/api/.venv/lib/python3.10/site-packages/starlette/_utils.py", line 87, in collapse_excgroups
    raise exc
  File "/opt/lampp/htdocs/farm/services/api/.venv/lib/python3.10/site-packages/starlette/middleware/base.py", line 193, in __call__
    response = await self.dispatch_func(request, call_next)
  File "/opt/lampp/htdocs/farm/services/api/main.py", line 143, in dispatch
    response = await call_next(request)
  File "/opt/lampp/htdocs/farm/services/api/.venv/lib/python3.10/site-packages/starlette/middleware/base.py", line 168, in call_next
    raise app_exc from app_exc.__cause__ or app_exc.__context__
  File "/opt/lampp/htdocs/farm/services/api/.venv/lib/python3.10/site-packages/starlette/middleware/base.py", line 144, in coro
    await self.app(scope, receive_or_disconnect, send_no_error)
  File "/opt/lampp/htdocs/farm/services/api/.venv/lib/python3.10/site-packages/starlette/middleware/base.py", line 191, in __call__
    with recv_stream, send_stream, collapse_excgroups():
  File "/usr/lib/python3.10/contextlib.py", line 153, in __exit__
    self.gen.throw(typ, value, traceback)
  File "/opt/lampp/htdocs/farm/services/api/.venv/lib/python3.10/site-packages/starlette/_utils.py", line 87, in collapse_excgroups
    raise exc
  File "/opt/lampp/htdocs/farm/services/api/.venv/lib/python3.10/site-packages/starlette/middleware/base.py", line 193, in __call__
    response = await self.dispatch_func(request, call_next)
  File "/opt/lampp/htdocs/farm/services/api/main.py", line 213, in dispatch
    return await call_next(request)
  File "/opt/lampp/htdocs/farm/services/api/.venv/lib/python3.10/site-packages/starlette/middleware/base.py", line 168, in call_next
    raise app_exc from app_exc.__cause__ or app_exc.__context__
  File "/opt/lampp/htdocs/farm/services/api/.venv/lib/python3.10/site-packages/starlette/middleware/base.py", line 144, in coro
    await self.app(scope, receive_or_disconnect, send_no_error)
  File "/opt/lampp/htdocs/farm/services/api/.venv/lib/python3.10/site-packages/starlette/middleware/exceptions.py", line 63, in __call__
    await wrap_app_handling_exceptions(self.app, conn)(scope, receive, send)
  File "/opt/lampp/htdocs/farm/services/api/.venv/lib/python3.10/site-packages/starlette/_exception_handler.py", line 53, in wrapped_app
    raise exc
  File "/opt/lampp/htdocs/farm/services/api/.venv/lib/python3.10/site-packages/starlette/_exception_handler.py", line 42, in wrapped_app
    await app(scope, receive, sender)
  File "/opt/lampp/htdocs/farm/services/api/.venv/lib/python3.10/site-packages/fastapi/middleware/asyncexitstack.py", line 18, in __call__
    await self.app(scope, receive, send)
  File "/opt/lampp/htdocs/farm/services/api/.venv/lib/python3.10/site-packages/starlette/routing.py", line 716, in __call__
    await self.middleware_stack(scope, receive, send)
  File "/opt/lampp/htdocs/farm/services/api/.venv/lib/python3.10/site-packages/starlette/routing.py", line 736, in app
    await route.handle(scope, receive, send)
  File "/opt/lampp/htdocs/farm/services/api/.venv/lib/python3.10/site-packages/starlette/routing.py", line 290, in handle
    await self.app(scope, receive, send)
  File "/opt/lampp/htdocs/farm/services/api/.venv/lib/python3.10/site-packages/fastapi/routing.py", line 130, in app
    await wrap_app_handling_exceptions(app, request)(scope, receive, send)
  File "/opt/lampp/htdocs/farm/services/api/.venv/lib/python3.10/site-packages/starlette/_exception_handler.py", line 53, in wrapped_app
    raise exc
  File "/opt/lampp/htdocs/farm/services/api/.venv/lib/python3.10/site-packages/starlette/_exception_handler.py", line 42, in wrapped_app
    await app(scope, receive, sender)
  File "/opt/lampp/htdocs/farm/services/api/.venv/lib/python3.10/site-packages/fastapi/routing.py", line 116, in app
    response = await f(request)
  File "/opt/lampp/htdocs/farm/services/api/.venv/lib/python3.10/site-packages/fastapi/routing.py", line 691, in app
    content = await serialize_response(
  File "/opt/lampp/htdocs/farm/services/api/.venv/lib/python3.10/site-packages/fastapi/routing.py", line 296, in serialize_response
    raise ResponseValidationError(
fastapi.exceptions.ResponseValidationError: 11 validation errors:
  {'type': 'literal_error', 'loc': ('response', 2, 'status'), 'msg': "Input should be 'ATIVO', 'MANUTENCAO' or 'INATIVO'", 'input': 'EM_MANUTENCAO', 'ctx': {'expected': "'ATIVO', 'MANUTENCAO' or 'INATIVO'"}}
  {'type': 'literal_error', 'loc': ('response', 4, 'tipo'), 'msg': "Input should be 'TRATOR', 'COLHEITADEIRA', 'VEICULO_LEVE', 'VEICULO_PESADO', 'IMPLEMENTO', 'PULVERIZADOR' or 'OUTROS'", 'input': 'COLHEDORA', 'ctx': {'expected': "'TRATOR', 'COLHEITADEIRA', 'VEICULO_LEVE', 'VEICULO_PESADO', 'IMPLEMENTO', 'PULVERIZADOR' or 'OUTROS'"}}
  {'type': 'literal_error', 'loc': ('response', 5, 'tipo'), 'msg': "Input should be 'TRATOR', 'COLHEITADEIRA', 'VEICULO_LEVE', 'VEICULO_PESADO', 'IMPLEMENTO', 'PULVERIZADOR' or 'OUTROS'", 'input': 'COLHEDORA', 'ctx': {'expected': "'TRATOR', 'COLHEITADEIRA', 'VEICULO_LEVE', 'VEICULO_PESADO', 'IMPLEMENTO', 'PULVERIZADOR' or 'OUTROS'"}}
  {'type': 'literal_error', 'loc': ('response', 11, 'tipo'), 'msg': "Input should be 'TRATOR', 'COLHEITADEIRA', 'VEICULO_LEVE', 'VEICULO_PESADO', 'IMPLEMENTO', 'PULVERIZADOR' or 'OUTROS'", 'input': 'VEICULO', 'ctx': {'expected': "'TRATOR', 'COLHEITADEIRA', 'VEICULO_LEVE', 'VEICULO_PESADO', 'IMPLEMENTO', 'PULVERIZADOR' or 'OUTROS'"}}
  {'type': 'literal_error', 'loc': ('response', 12, 'tipo'), 'msg': "Input should be 'TRATOR', 'COLHEITADEIRA', 'VEICULO_LEVE', 'VEICULO_PESADO', 'IMPLEMENTO', 'PULVERIZADOR' or 'OUTROS'", 'input': 'VEICULO', 'ctx': {'expected': "'TRATOR', 'COLHEITADEIRA', 'VEICULO_LEVE', 'VEICULO_PESADO', 'IMPLEMENTO', 'PULVERIZADOR' or 'OUTROS'"}}
  {'type': 'literal_error', 'loc': ('response', 13, 'tipo'), 'msg': "Input should be 'TRATOR', 'COLHEITADEIRA', 'VEICULO_LEVE', 'VEICULO_PESADO', 'IMPLEMENTO', 'PULVERIZADOR' or 'OUTROS'", 'input': 'VEICULO', 'ctx': {'expected': "'TRATOR', 'COLHEITADEIRA', 'VEICULO_LEVE', 'VEICULO_PESADO', 'IMPLEMENTO', 'PULVERIZADOR' or 'OUTROS'"}}
  {'type': 'literal_error', 'loc': ('response', 14, 'tipo'), 'msg': "Input should be 'TRATOR', 'COLHEITADEIRA', 'VEICULO_LEVE', 'VEICULO_PESADO', 'IMPLEMENTO', 'PULVERIZADOR' or 'OUTROS'", 'input': 'VEICULO', 'ctx': {'expected': "'TRATOR', 'COLHEITADEIRA', 'VEICULO_LEVE', 'VEICULO_PESADO', 'IMPLEMENTO', 'PULVERIZADOR' or 'OUTROS'"}}
  {'type': 'literal_error', 'loc': ('response', 14, 'status'), 'msg': "Input should be 'ATIVO', 'MANUTENCAO' or 'INATIVO'", 'input': 'EM_MANUTENCAO', 'ctx': {'expected': "'ATIVO', 'MANUTENCAO' or 'INATIVO'"}}
  {'type': 'literal_error', 'loc': ('response', 15, 'tipo'), 'msg': "Input should be 'TRATOR', 'COLHEITADEIRA', 'VEICULO_LEVE', 'VEICULO_PESADO', 'IMPLEMENTO', 'PULVERIZADOR' or 'OUTROS'", 'input': 'VEICULO', 'ctx': {'expected': "'TRATOR', 'COLHEITADEIRA', 'VEICULO_LEVE', 'VEICULO_PESADO', 'IMPLEMENTO', 'PULVERIZADOR' or 'OUTROS'"}}
  {'type': 'literal_error', 'loc': ('response', 16, 'tipo'), 'msg': "Input should be 'TRATOR', 'COLHEITADEIRA', 'VEICULO_LEVE', 'VEICULO_PESADO', 'IMPLEMENTO', 'PULVERIZADOR' or 'OUTROS'", 'input': 'IRRIGACAO', 'ctx': {'expected': "'TRATOR', 'COLHEITADEIRA', 'VEICULO_LEVE', 'VEICULO_PESADO', 'IMPLEMENTO', 'PULVERIZADOR' or 'OUTROS'"}}
  {'type': 'literal_error', 'loc': ('response', 17, 'tipo'), 'msg': "Input should be 'TRATOR', 'COLHEITADEIRA', 'VEICULO_LEVE', 'VEICULO_PESADO', 'IMPLEMENTO', 'PULVERIZADOR' or 'OUTROS'", 'input': 'IRRIGACAO', 'ctx': {'expected': "'TRATOR', 'COLHEITADEIRA', 'VEICULO_LEVE', 'VEICULO_PESADO', 'IMPLEMENTO', 'PULVERIZADOR' or 'OUTROS'"}}

  File "/opt/lampp/htdocs/farm/services/api/operacional/routers/frota.py", line 31, in listar_maquinarios
    GET /api/v1/frota/

